<?xml version="1.0" encoding="UTF-8"?>
<!-- Generated by org.testng.reporters.JUnitReportReporter -->
<testsuite hostname="MOV-Yazmin" failures="0" tests="1" name="tests.CreateCursoTests" time="16.603" errors="0" timestamp="2021-02-26T21:11:06 CST" skipped="0">
  <testcase classname="tests.CreateCursoTests" name="testCreateCurso" time="16.603"/>
  <system-out/>
</testsuite> <!-- tests.CreateCursoTests -->
