<?xml version="1.0" encoding="UTF-8"?>
<!-- Generated by org.testng.reporters.JUnitReportReporter -->
<testsuite hostname="MOV-Yazmin" failures="0" tests="1" name="tests.loginTests" time="11.808" errors="0" timestamp="2021-02-26T18:11:58 CST" skipped="0">
  <testcase classname="tests.loginTests" name="testLogin" time="11.808"/>
  <system-out/>
</testsuite> <!-- tests.loginTests -->
